\BOOKMARK [0][]{chapter*.1}{Muc luc}{}% 1
\BOOKMARK [0][]{chapter*.2}{Danh s\341ch h\354nh ve}{}% 2
\BOOKMARK [0][]{chapter*.3}{Danh s\341ch bang}{}% 3
\BOOKMARK [0][]{chapter.1}{1 \320t vn \040v\340 inh hng giai ph\341p}{}% 4
\BOOKMARK [1][]{section.1.1}{1.1 \320t vn }{chapter.1}% 5
\BOOKMARK [1][]{section.1.2}{1.2 \320inh hng giai quyt}{chapter.1}% 6
\BOOKMARK [0][]{chapter.2}{2 C s l\375 thuyt}{}% 7
\BOOKMARK [1][]{section.2.1}{2.1 Khao s\341t c\341c h t vn \343 c\363}{chapter.2}% 8
\BOOKMARK [2][]{subsection.2.1.1}{2.1.1 Loc cng t\341c}{section.2.1}% 9
\BOOKMARK [2][]{subsection.2.1.2}{2.1.2 Loc da tr\352n ni dung}{section.2.1}% 10
\BOOKMARK [1][]{section.2.2}{2.2 Thut to\341n Context-matching}{chapter.2}% 11
\BOOKMARK [2][]{subsection.2.2.1}{2.2.1 Tng quan}{section.2.2}% 12
\BOOKMARK [2][]{subsection.2.2.2}{2.2.2 Input context v\340 output context }{section.2.2}% 13
\BOOKMARK [2][]{subsection.2.2.3}{2.2.3 C\341c gi\341 tri s dung}{section.2.2}% 14
\BOOKMARK [2][]{subsection.2.2.4}{2.2.4 C\341c bc thc hin thut to\341n }{section.2.2}% 15
\BOOKMARK [1][]{section.2.3}{2.3 Ky thut Kansei Engineering}{chapter.2}% 16
\BOOKMARK [2][]{subsection.2.3.1}{2.3.1 Tng quan}{section.2.3}% 17
\BOOKMARK [2][]{subsection.2.3.2}{2.3.2 M\364 h\354nh}{section.2.3}% 18
\BOOKMARK [1][]{section.2.4}{2.4 Computerized Adaptive Testing}{chapter.2}% 19
\BOOKMARK [2][]{subsection.2.4.1}{2.4.1 Tng quan}{section.2.4}% 20
\BOOKMARK [2][]{subsection.2.4.2}{2.4.2 M\364 h\354nh}{section.2.4}% 21
\BOOKMARK [2][]{subsection.2.4.3}{2.4.3 u im}{section.2.4}% 22
\BOOKMARK [1][]{section.2.5}{2.5 C\341c c s l\375 thuyt v c\364ng ngh s dung}{chapter.2}% 23
\BOOKMARK [2][]{subsection.2.5.1}{2.5.1 Firebase}{section.2.5}% 24
\BOOKMARK [2][]{subsection.2.5.2}{2.5.2 Scrapy}{section.2.5}% 25
\BOOKMARK [2][]{subsection.2.5.3}{2.5.3 Thut to\341n tf-idf}{section.2.5}% 26
\BOOKMARK [0][]{chapter.3}{3 Ph\342n t\355ch thit k h thng}{}% 27
\BOOKMARK [1][]{section.3.1}{3.1 Ph\342n t\355ch h thng}{chapter.3}% 28
\BOOKMARK [1][]{section.3.2}{3.2 X\342y dng h s ngi d\371ng}{chapter.3}% 29
\BOOKMARK [2][]{subsection.3.2.1}{3.2.1 X\341c inh tr\354nh \040ngi d\371ng}{section.3.2}% 30
\BOOKMARK [2][]{subsection.3.2.2}{3.2.2 X\341c inh nguyn vong ngi d\371ng}{section.3.2}% 31
\BOOKMARK [1][]{section.3.3}{3.3 Thu thp v\340 x l\375 t\340i liu hoc ting Anh}{chapter.3}% 32
\BOOKMARK [2][]{subsection.3.3.1}{3.3.1 Thu thp d liu}{section.3.3}% 33
\BOOKMARK [2][]{subsection.3.3.2}{3.3.2 X l\375 d liu}{section.3.3}% 34
\BOOKMARK [1][]{section.3.4}{3.4 So s\341nh v\340 a ra t vn t\340i liu hoc }{chapter.3}% 35
\BOOKMARK [2][]{subsection.3.4.1}{3.4.1 T\355nh gi\341 tri match e}{section.3.4}% 36
\BOOKMARK [2][]{subsection.3.4.2}{3.4.2 V\355 du vi case study}{section.3.4}% 37
\BOOKMARK [1][]{section.3.5}{3.5 \301p dung Kansei Engineering \040cai thin kt qua t vn}{chapter.3}% 38
\BOOKMARK [2][]{subsection.3.5.1}{3.5.1 \320\341nh gi\341 Kansei}{section.3.5}% 39
\BOOKMARK [2][]{subsection.3.5.2}{3.5.2 Kansei Preference Model}{section.3.5}% 40
\BOOKMARK [2][]{subsection.3.5.3}{3.5.3 \320\341nh gi\341 lai kt qua Context-matching}{section.3.5}% 41
\BOOKMARK [0][]{chapter.4}{4 \040C\340i t h thng }{}% 42
\BOOKMARK [1][]{section.4.1}{4.1 Use case s dung}{chapter.4}% 43
\BOOKMARK [1][]{section.4.2}{4.2 C\340i t h thng}{chapter.4}% 44
\BOOKMARK [2][]{subsection.4.2.1}{4.2.1 M\364i trng c\340i t h thng}{section.4.2}% 45
\BOOKMARK [2][]{subsection.4.2.2}{4.2.2 Kin tr\372c h thng c\340i t}{section.4.2}% 46
\BOOKMARK [2][]{subsection.4.2.3}{4.2.3 Biu \040lp theo ca s dung}{section.4.2}% 47
\BOOKMARK [2][]{subsection.4.2.4}{4.2.4 M\364 h\354nh c s d liu}{section.4.2}% 48
\BOOKMARK [1][]{section.4.3}{4.3 Kt qua c\340i t}{chapter.4}% 49
\BOOKMARK [0][]{chapter.5}{5 Kt lun v\340 hng ph\341t trin}{}% 50
\BOOKMARK [1][]{section.5.1}{5.1 C\341c kt qua \343 at c}{chapter.5}% 51
\BOOKMARK [1][]{section.5.2}{5.2 Nhng han ch c\362n tn ong}{chapter.5}% 52
\BOOKMARK [1][]{section.5.3}{5.3 \320inh hng ph\341t trin trong tng lai}{chapter.5}% 53
\BOOKMARK [0][]{appendix*.38}{T\340i liu tham khao}{}% 54
\BOOKMARK [0][]{appendix*.39}{PHU LUC 1: Quan l\375 d liu tr\352n Firebase }{}% 55
